2023-03-31 17:21:34,453 - CRITICAL - <class 'mysql.connector.errors.Error'>
2023-03-31 18:39:43,961 - INFO - РќСѓР¶РЅРѕ СЃС„РѕСЂРјРёСЂРѕРІР°С‚СЊ С‚Р°Р±Р»РёС†Сѓ РіРґРµ РєСЂР°СЃРЅР°СЏ Р·РѕРЅР° Р·Р°РЅРёРјР°РµС‚ 12 СЃС‚СЂРѕРє, Р·РµР»РµРЅР°СЏ - 12, СЃРёРЅСЏСЏ - 12
2023-03-31 18:39:43,995 - INFO - РС‚РѕРіРѕРІР°СЏ С‚Р°Р±Р»РёС†Р° СѓСЃРїРµС€РЅРѕ СЃС„РѕСЂРјРёСЂРѕРІР°РЅР°!
2023-03-31 18:39:44,281 - INFO - Р”Р°РЅРЅС‹Рµ СѓСЃРїРµС€РЅРѕ РґРѕР±Р°РІР»РµРЅРЅС‹ РІ Р±Р°Р·Сѓ РґР°РЅРЅС‹С…
2023-03-31 18:41:59,796 - INFO - РќСѓР¶РЅРѕ СЃС„РѕСЂРјРёСЂРѕРІР°С‚СЊ С‚Р°Р±Р»РёС†Сѓ РіРґРµ РєСЂР°СЃРЅР°СЏ Р·РѕРЅР° Р·Р°РЅРёРјР°РµС‚ 12 СЃС‚СЂРѕРє, Р·РµР»РµРЅР°СЏ - 12, СЃРёРЅСЏСЏ - 12
2023-03-31 18:41:59,824 - INFO - РС‚РѕРіРѕРІР°СЏ С‚Р°Р±Р»РёС†Р° СѓСЃРїРµС€РЅРѕ СЃС„РѕСЂРјРёСЂРѕРІР°РЅР°!
2023-03-31 18:42:00,150 - INFO - Р”Р°РЅРЅС‹Рµ СѓСЃРїРµС€РЅРѕ РґРѕР±Р°РІР»РµРЅРЅС‹ РІ Р±Р°Р·Сѓ РґР°РЅРЅС‹С…
2023-04-02 16:31:41,107 - INFO - РќСѓР¶РЅРѕ СЃС„РѕСЂРјРёСЂРѕРІР°С‚СЊ С‚Р°Р±Р»РёС†Сѓ РіРґРµ РєСЂР°СЃРЅР°СЏ Р·РѕРЅР° Р·Р°РЅРёРјР°РµС‚ 12 СЃС‚СЂРѕРє, Р·РµР»РµРЅР°СЏ - 12, СЃРёРЅСЏСЏ - 12
2023-04-02 16:31:41,205 - INFO - РС‚РѕРіРѕРІР°СЏ С‚Р°Р±Р»РёС†Р° СѓСЃРїРµС€РЅРѕ СЃС„РѕСЂРјРёСЂРѕРІР°РЅР°!
2023-04-02 16:31:41,722 - INFO - Р”Р°РЅРЅС‹Рµ СѓСЃРїРµС€РЅРѕ РґРѕР±Р°РІР»РµРЅРЅС‹ РІ Р±Р°Р·Сѓ РґР°РЅРЅС‹С…
2023-04-02 16:34:17,748 - INFO - РќСѓР¶РЅРѕ СЃС„РѕСЂРјРёСЂРѕРІР°С‚СЊ С‚Р°Р±Р»РёС†Сѓ РіРґРµ РєСЂР°СЃРЅР°СЏ Р·РѕРЅР° Р·Р°РЅРёРјР°РµС‚ 12 СЃС‚СЂРѕРє, Р·РµР»РµРЅР°СЏ - 12, СЃРёРЅСЏСЏ - 12
2023-04-02 16:34:17,834 - INFO - РС‚РѕРіРѕРІР°СЏ С‚Р°Р±Р»РёС†Р° СѓСЃРїРµС€РЅРѕ СЃС„РѕСЂРјРёСЂРѕРІР°РЅР°!
2023-04-02 16:34:18,898 - INFO - Р”Р°РЅРЅС‹Рµ СѓСЃРїРµС€РЅРѕ РґРѕР±Р°РІР»РµРЅРЅС‹ РІ Р±Р°Р·Сѓ РґР°РЅРЅС‹С…
2023-04-02 16:45:34,908 - INFO - РќСѓР¶РЅРѕ СЃС„РѕСЂРјРёСЂРѕРІР°С‚СЊ С‚Р°Р±Р»РёС†Сѓ РіРґРµ РєСЂР°СЃРЅР°СЏ Р·РѕРЅР° Р·Р°РЅРёРјР°РµС‚ 500 СЃС‚СЂРѕРє, Р·РµР»РµРЅР°СЏ - 750, СЃРёРЅСЏСЏ - 1250
2023-04-02 16:45:35,850 - INFO - РС‚РѕРіРѕРІР°СЏ С‚Р°Р±Р»РёС†Р° СѓСЃРїРµС€РЅРѕ СЃС„РѕСЂРјРёСЂРѕРІР°РЅР°!
2023-04-02 16:45:39,114 - INFO - Р”Р°РЅРЅС‹Рµ СѓСЃРїРµС€РЅРѕ РґРѕР±Р°РІР»РµРЅРЅС‹ РІ Р±Р°Р·Сѓ РґР°РЅРЅС‹С…
2023-04-02 16:46:29,063 - INFO - РќСѓР¶РЅРѕ СЃС„РѕСЂРјРёСЂРѕРІР°С‚СЊ С‚Р°Р±Р»РёС†Сѓ РіРґРµ РєСЂР°СЃРЅР°СЏ Р·РѕРЅР° Р·Р°РЅРёРјР°РµС‚ 12 СЃС‚СЂРѕРє, Р·РµР»РµРЅР°СЏ - 12, СЃРёРЅСЏСЏ - 12
2023-04-02 16:46:29,088 - INFO - РС‚РѕРіРѕРІР°СЏ С‚Р°Р±Р»РёС†Р° СѓСЃРїРµС€РЅРѕ СЃС„РѕСЂРјРёСЂРѕРІР°РЅР°!
2023-04-02 16:46:29,380 - INFO - Р”Р°РЅРЅС‹Рµ СѓСЃРїРµС€РЅРѕ РґРѕР±Р°РІР»РµРЅРЅС‹ РІ Р±Р°Р·Сѓ РґР°РЅРЅС‹С…
2023-04-04 10:39:52,334 - INFO - РќСѓР¶РЅРѕ СЃС„РѕСЂРјРёСЂРѕРІР°С‚СЊ С‚Р°Р±Р»РёС†Сѓ РіРґРµ РєСЂР°СЃРЅР°СЏ Р·РѕРЅР° Р·Р°РЅРёРјР°РµС‚ 15 СЃС‚СЂРѕРє, Р·РµР»РµРЅР°СЏ - 1, СЃРёРЅСЏСЏ - 1
2023-04-04 10:39:52,385 - INFO - РС‚РѕРіРѕРІР°СЏ С‚Р°Р±Р»РёС†Р° СѓСЃРїРµС€РЅРѕ СЃС„РѕСЂРјРёСЂРѕРІР°РЅР°!
2023-04-04 10:39:55,819 - INFO - Р”Р°РЅРЅС‹Рµ СѓСЃРїРµС€РЅРѕ РґРѕР±Р°РІР»РµРЅРЅС‹ РІ Р±Р°Р·Сѓ РґР°РЅРЅС‹С…
2023-04-04 10:40:56,127 - INFO - РќСѓР¶РЅРѕ СЃС„РѕСЂРјРёСЂРѕРІР°С‚СЊ С‚Р°Р±Р»РёС†Сѓ РіРґРµ РєСЂР°СЃРЅР°СЏ Р·РѕРЅР° Р·Р°РЅРёРјР°РµС‚ 15 СЃС‚СЂРѕРє, Р·РµР»РµРЅР°СЏ - 1, СЃРёРЅСЏСЏ - 1
2023-04-04 10:40:56,154 - INFO - РС‚РѕРіРѕРІР°СЏ С‚Р°Р±Р»РёС†Р° СѓСЃРїРµС€РЅРѕ СЃС„РѕСЂРјРёСЂРѕРІР°РЅР°!
2023-04-04 10:40:56,331 - INFO - Р”Р°РЅРЅС‹Рµ СѓСЃРїРµС€РЅРѕ РґРѕР±Р°РІР»РµРЅРЅС‹ РІ Р±Р°Р·Сѓ РґР°РЅРЅС‹С…
2023-04-04 10:42:52,442 - INFO - РќСѓР¶РЅРѕ СЃС„РѕСЂРјРёСЂРѕРІР°С‚СЊ С‚Р°Р±Р»РёС†Сѓ РіРґРµ РєСЂР°СЃРЅР°СЏ Р·РѕРЅР° Р·Р°РЅРёРјР°РµС‚ 15 СЃС‚СЂРѕРє, Р·РµР»РµРЅР°СЏ - 1, СЃРёРЅСЏСЏ - 1
2023-04-04 10:42:52,467 - INFO - РС‚РѕРіРѕРІР°СЏ С‚Р°Р±Р»РёС†Р° СѓСЃРїРµС€РЅРѕ СЃС„РѕСЂРјРёСЂРѕРІР°РЅР°!
2023-04-04 10:42:52,676 - INFO - Р”Р°РЅРЅС‹Рµ СѓСЃРїРµС€РЅРѕ РґРѕР±Р°РІР»РµРЅРЅС‹ РІ Р±Р°Р·Сѓ РґР°РЅРЅС‹С…
2023-04-04 10:48:16,906 - INFO - РќСѓР¶РЅРѕ СЃС„РѕСЂРјРёСЂРѕРІР°С‚СЊ С‚Р°Р±Р»РёС†Сѓ РіРґРµ РєСЂР°СЃРЅР°СЏ Р·РѕРЅР° Р·Р°РЅРёРјР°РµС‚ 1 СЃС‚СЂРѕРє, Р·РµР»РµРЅР°СЏ - 10, СЃРёРЅСЏСЏ - 1
2023-04-04 10:48:16,927 - INFO - РС‚РѕРіРѕРІР°СЏ С‚Р°Р±Р»РёС†Р° СѓСЃРїРµС€РЅРѕ СЃС„РѕСЂРјРёСЂРѕРІР°РЅР°!
2023-04-04 10:48:17,053 - INFO - Р”Р°РЅРЅС‹Рµ СѓСЃРїРµС€РЅРѕ РґРѕР±Р°РІР»РµРЅРЅС‹ РІ Р±Р°Р·Сѓ РґР°РЅРЅС‹С…
2023-04-04 10:48:40,360 - INFO - РќСѓР¶РЅРѕ СЃС„РѕСЂРјРёСЂРѕРІР°С‚СЊ С‚Р°Р±Р»РёС†Сѓ РіРґРµ РєСЂР°СЃРЅР°СЏ Р·РѕРЅР° Р·Р°РЅРёРјР°РµС‚ 12 СЃС‚СЂРѕРє, Р·РµР»РµРЅР°СЏ - 12, СЃРёРЅСЏСЏ - 12
2023-04-04 10:48:40,391 - INFO - РС‚РѕРіРѕРІР°СЏ С‚Р°Р±Р»РёС†Р° СѓСЃРїРµС€РЅРѕ СЃС„РѕСЂРјРёСЂРѕРІР°РЅР°!
2023-04-04 10:48:40,529 - INFO - Р”Р°РЅРЅС‹Рµ СѓСЃРїРµС€РЅРѕ РґРѕР±Р°РІР»РµРЅРЅС‹ РІ Р±Р°Р·Сѓ РґР°РЅРЅС‹С…
2023-04-04 11:06:12,329 - INFO - РќСѓР¶РЅРѕ СЃС„РѕСЂРјРёСЂРѕРІР°С‚СЊ С‚Р°Р±Р»РёС†Сѓ РіРґРµ РєСЂР°СЃРЅР°СЏ Р·РѕРЅР° Р·Р°РЅРёРјР°РµС‚ 12 СЃС‚СЂРѕРє, Р·РµР»РµРЅР°СЏ - 12, СЃРёРЅСЏСЏ - 12
2023-04-04 11:06:12,384 - INFO - РС‚РѕРіРѕРІР°СЏ С‚Р°Р±Р»РёС†Р° СѓСЃРїРµС€РЅРѕ СЃС„РѕСЂРјРёСЂРѕРІР°РЅР°!
2023-04-04 11:06:12,546 - INFO - Р”Р°РЅРЅС‹Рµ СѓСЃРїРµС€РЅРѕ РґРѕР±Р°РІР»РµРЅРЅС‹ РІ Р±Р°Р·Сѓ РґР°РЅРЅС‹С…
2023-04-04 14:06:09,129 - INFO - РќСѓР¶РЅРѕ СЃС„РѕСЂРјРёСЂРѕРІР°С‚СЊ С‚Р°Р±Р»РёС†Сѓ РіРґРµ РєСЂР°СЃРЅР°СЏ Р·РѕРЅР° Р·Р°РЅРёРјР°РµС‚ 12 СЃС‚СЂРѕРє, Р·РµР»РµРЅР°СЏ - 12, СЃРёРЅСЏСЏ - 12
2023-04-04 14:06:09,256 - INFO - РС‚РѕРіРѕРІР°СЏ С‚Р°Р±Р»РёС†Р° СѓСЃРїРµС€РЅРѕ СЃС„РѕСЂРјРёСЂРѕРІР°РЅР°!
2023-04-04 14:06:10,752 - INFO - Р”Р°РЅРЅС‹Рµ СѓСЃРїРµС€РЅРѕ РґРѕР±Р°РІР»РµРЅРЅС‹ РІ Р±Р°Р·Сѓ РґР°РЅРЅС‹С…
2023-04-05 10:57:18,204 - INFO - РќСѓР¶РЅРѕ СЃС„РѕСЂРјРёСЂРѕРІР°С‚СЊ С‚Р°Р±Р»РёС†Сѓ РіРґРµ РєСЂР°СЃРЅР°СЏ Р·РѕРЅР° Р·Р°РЅРёРјР°РµС‚ 12 СЃС‚СЂРѕРє, Р·РµР»РµРЅР°СЏ - 12, СЃРёРЅСЏСЏ - 12
2023-04-05 10:57:18,318 - INFO - РС‚РѕРіРѕРІР°СЏ С‚Р°Р±Р»РёС†Р° СѓСЃРїРµС€РЅРѕ СЃС„РѕСЂРјРёСЂРѕРІР°РЅР°!
2023-04-05 10:57:23,124 - INFO - Р”Р°РЅРЅС‹Рµ СѓСЃРїРµС€РЅРѕ РґРѕР±Р°РІР»РµРЅРЅС‹ РІ Р±Р°Р·Сѓ РґР°РЅРЅС‹С…
2023-04-05 11:18:48,137 - INFO - РќСѓР¶РЅРѕ СЃС„РѕСЂРјРёСЂРѕРІР°С‚СЊ С‚Р°Р±Р»РёС†Сѓ РіРґРµ РєСЂР°СЃРЅР°СЏ Р·РѕРЅР° Р·Р°РЅРёРјР°РµС‚ 12 СЃС‚СЂРѕРє, Р·РµР»РµРЅР°СЏ - 12, СЃРёРЅСЏСЏ - 12
2023-04-05 11:22:15,602 - INFO - РќСѓР¶РЅРѕ СЃС„РѕСЂРјРёСЂРѕРІР°С‚СЊ С‚Р°Р±Р»РёС†Сѓ РіРґРµ РєСЂР°СЃРЅР°СЏ Р·РѕРЅР° Р·Р°РЅРёРјР°РµС‚ 12 СЃС‚СЂРѕРє, Р·РµР»РµРЅР°СЏ - 12, СЃРёРЅСЏСЏ - 12
2023-04-05 11:22:15,631 - INFO - РС‚РѕРіРѕРІР°СЏ С‚Р°Р±Р»РёС†Р° СѓСЃРїРµС€РЅРѕ СЃС„РѕСЂРјРёСЂРѕРІР°РЅР°!
2023-04-05 11:22:16,084 - INFO - Р”Р°РЅРЅС‹Рµ СѓСЃРїРµС€РЅРѕ РґРѕР±Р°РІР»РµРЅРЅС‹ РІ Р±Р°Р·Сѓ РґР°РЅРЅС‹С…
2023-04-05 11:29:55,751 - INFO - РќСѓР¶РЅРѕ СЃС„РѕСЂРјРёСЂРѕРІР°С‚СЊ С‚Р°Р±Р»РёС†Сѓ РіРґРµ РєСЂР°СЃРЅР°СЏ Р·РѕРЅР° Р·Р°РЅРёРјР°РµС‚ 12 СЃС‚СЂРѕРє, Р·РµР»РµРЅР°СЏ - 12, СЃРёРЅСЏСЏ - 12
2023-04-05 11:30:11,860 - INFO - РќСѓР¶РЅРѕ СЃС„РѕСЂРјРёСЂРѕРІР°С‚СЊ С‚Р°Р±Р»РёС†Сѓ РіРґРµ РєСЂР°СЃРЅР°СЏ Р·РѕРЅР° Р·Р°РЅРёРјР°РµС‚ 12 СЃС‚СЂРѕРє, Р·РµР»РµРЅР°СЏ - 12, СЃРёРЅСЏСЏ - 12
2023-04-05 11:30:11,886 - INFO - РС‚РѕРіРѕРІР°СЏ С‚Р°Р±Р»РёС†Р° СѓСЃРїРµС€РЅРѕ СЃС„РѕСЂРјРёСЂРѕРІР°РЅР°!
2023-04-05 11:30:12,237 - INFO - Р”Р°РЅРЅС‹Рµ СѓСЃРїРµС€РЅРѕ РґРѕР±Р°РІР»РµРЅРЅС‹ РІ Р±Р°Р·Сѓ РґР°РЅРЅС‹С…
2023-04-05 11:32:46,781 - INFO - РќСѓР¶РЅРѕ СЃС„РѕСЂРјРёСЂРѕРІР°С‚СЊ С‚Р°Р±Р»РёС†Сѓ РіРґРµ РєСЂР°СЃРЅР°СЏ Р·РѕРЅР° Р·Р°РЅРёРјР°РµС‚ 12 СЃС‚СЂРѕРє, Р·РµР»РµРЅР°СЏ - 12, СЃРёРЅСЏСЏ - 12
2023-04-05 11:32:46,808 - INFO - РС‚РѕРіРѕРІР°СЏ С‚Р°Р±Р»РёС†Р° СѓСЃРїРµС€РЅРѕ СЃС„РѕСЂРјРёСЂРѕРІР°РЅР°!
2023-04-05 11:32:47,129 - INFO - Р”Р°РЅРЅС‹Рµ СѓСЃРїРµС€РЅРѕ РґРѕР±Р°РІР»РµРЅРЅС‹ РІ Р±Р°Р·Сѓ РґР°РЅРЅС‹С…
2023-04-05 11:33:47,601 - INFO - РќСѓР¶РЅРѕ СЃС„РѕСЂРјРёСЂРѕРІР°С‚СЊ С‚Р°Р±Р»РёС†Сѓ РіРґРµ РєСЂР°СЃРЅР°СЏ Р·РѕРЅР° Р·Р°РЅРёРјР°РµС‚ 12 СЃС‚СЂРѕРє, Р·РµР»РµРЅР°СЏ - 12, СЃРёРЅСЏСЏ - 12
2023-04-05 11:33:47,629 - INFO - РС‚РѕРіРѕРІР°СЏ С‚Р°Р±Р»РёС†Р° СѓСЃРїРµС€РЅРѕ СЃС„РѕСЂРјРёСЂРѕРІР°РЅР°!
2023-04-05 11:33:47,849 - INFO - Р”Р°РЅРЅС‹Рµ СѓСЃРїРµС€РЅРѕ РґРѕР±Р°РІР»РµРЅРЅС‹ РІ Р±Р°Р·Сѓ РґР°РЅРЅС‹С…
2023-04-05 14:37:37,777 - INFO - Нужно сформировать таблицу где красная зона занимает 12 строк, зеленая - 12, синяя - 12
2023-04-05 14:37:37,974 - INFO - Итоговая таблица успешно сформирована!
2023-04-05 15:22:53,883 - INFO - Нужно сформировать таблицу где красная зона занимает 12 строк, зеленая - 12, синяя - 12
2023-04-05 15:22:53,927 - INFO - Итоговая таблица успешно сформирована!
2023-04-05 15:28:24,276 - INFO - Нужно сформировать таблицу где красная зона занимает 12 строк, зеленая - 12, синяя - 12
2023-04-05 15:28:24,446 - INFO - Итоговая таблица успешно сформирована!
2023-04-06 14:46:05,994 - INFO - Нужно сформировать таблицу где красная зона занимает 12 строк, зеленая - 12, синяя - 12
2023-04-06 14:46:06,588 - INFO - Итоговая таблица успешно сформирована!
2023-04-06 14:52:11,027 - INFO - Нужно сформировать таблицу где красная зона занимает 12 строк, зеленая - 12, синяя - 12
2023-04-06 14:52:11,073 - INFO - Итоговая таблица успешно сформирована!
2023-04-06 14:54:59,644 - INFO - Нужно сформировать таблицу где красная зона занимает 12 строк, зеленая - 12, синяя - 12
2023-04-06 14:55:45,249 - INFO - Нужно сформировать таблицу где красная зона занимает 12 строк, зеленая - 12, синяя - 12
2023-04-06 14:55:45,293 - INFO - Итоговая таблица успешно сформирована!
2023-04-06 14:57:31,325 - INFO - Нужно сформировать таблицу где красная зона занимает 12 строк, зеленая - 12, синяя - 12
2023-04-06 14:57:31,355 - INFO - Итоговая таблица успешно сформирована!
2023-04-06 17:10:04,484 - INFO - Нужно сформировать таблицу где красная зона занимает 12 строк, зеленая - 12, синяя - 12
2023-04-06 17:10:04,588 - INFO - Итоговая таблица успешно сформирована!
